23-05-2021 21:51:13  INFO 28393 --- [main] com.springbatch.demo.DemoApplication     : Starting DemoApplication using Java 11.0.11 on alexandre with PID 28393 (/home/alexandre/Documentos/cursos/spring batch/demo/target/classes started by alexandre in /home/alexandre/Documentos/cursos/spring batch/demo)
23-05-2021 21:51:13  INFO 28393 --- [main] com.springbatch.demo.DemoApplication     : No active profile set, falling back to default profiles: default
23-05-2021 21:51:15  WARN 28393 --- [main] s.c.a.AnnotationConfigApplicationContext : Exception encountered during context initialization - cancelling refresh attempt: org.springframework.beans.factory.UnsatisfiedDependencyException: Error creating bean with name 'arquivoMultiplosFormatosJob' defined in class path resource [com/springbatch/demo/arquivos/arquivosMultiplosFormatos/job/ArquivoMultiplosFormatosJobConfig.class]: Unsatisfied dependency expressed through method 'arquivoMultiplosFormatosJob' parameter 0; nested exception is org.springframework.beans.factory.UnsatisfiedDependencyException: Error creating bean with name 'leituraArquivoMultiplosFormatosStep' defined in class path resource [com/springbatch/demo/arquivos/arquivosMultiplosFormatos/step/LeituraArquivoMultiplosFormatosStepConfig.class]: Unsatisfied dependency expressed through method 'leituraArquivoMultiplosFormatosStep' parameter 1; nested exception is org.springframework.beans.factory.NoSuchBeanDefinitionException: No qualifying bean of type 'org.springframework.batch.item.ItemWriter<?>' available: expected at least 1 bean which qualifies as autowire candidate. Dependency annotations: {}
23-05-2021 21:51:15  INFO 28393 --- [main] ConditionEvaluationReportLoggingListener : 

Error starting ApplicationContext. To display the conditions report re-run your application with 'debug' enabled.
23-05-2021 21:51:15 ERROR 28393 --- [main] o.s.b.d.LoggingFailureAnalysisReporter   : 

***************************
APPLICATION FAILED TO START
***************************

Description:

Parameter 1 of method leituraArquivoMultiplosFormatosStep in com.springbatch.demo.arquivos.arquivosMultiplosFormatos.step.LeituraArquivoMultiplosFormatosStepConfig required a bean of type 'org.springframework.batch.item.ItemWriter' that could not be found.


Action:

Consider defining a bean of type 'org.springframework.batch.item.ItemWriter' in your configuration.

23-05-2021 21:52:55  INFO 28533 --- [main] com.springbatch.demo.DemoApplication     : Starting DemoApplication using Java 11.0.11 on alexandre with PID 28533 (/home/alexandre/Documentos/cursos/spring batch/demo/target/classes started by alexandre in /home/alexandre/Documentos/cursos/spring batch/demo)
23-05-2021 21:52:55  INFO 28533 --- [main] com.springbatch.demo.DemoApplication     : No active profile set, falling back to default profiles: default
23-05-2021 21:52:57  INFO 28533 --- [main] com.zaxxer.hikari.HikariDataSource       : HikariPool-1 - Starting...
23-05-2021 21:52:57  INFO 28533 --- [main] com.zaxxer.hikari.HikariDataSource       : HikariPool-1 - Start completed.
23-05-2021 21:52:58  INFO 28533 --- [main] o.s.b.c.r.s.JobRepositoryFactoryBean     : No database type set, using meta data indicating: MYSQL
23-05-2021 21:52:58  INFO 28533 --- [main] o.s.b.c.l.support.SimpleJobLauncher      : No TaskExecutor has been set, defaulting to synchronous executor.
23-05-2021 21:52:58  INFO 28533 --- [main] com.springbatch.demo.DemoApplication     : Started DemoApplication in 3.386 seconds (JVM running for 4.535)
23-05-2021 21:52:58  INFO 28533 --- [main] o.s.b.a.b.JobLauncherApplicationRunner   : Running default command line with: [arquivoClientes=file:files/clientesTransacoes.txt]
23-05-2021 21:52:59  INFO 28533 --- [main] o.s.b.c.l.support.SimpleJobLauncher      : Job: [SimpleJob: [name=arquivoMultiplosFormatosJob]] launched with the following parameters: [{run.id=3, arquivoClientes=file:files/clientesTransacoes.txt}]
23-05-2021 21:52:59  INFO 28533 --- [main] o.s.batch.core.job.SimpleStepHandler     : Executing step: [leituraArquivoMultiplosFormatosStep]
23-05-2021 21:52:59 ERROR 28533 --- [main] o.s.batch.core.step.AbstractStep         : Encountered an error executing step leituraArquivoMultiplosFormatosStep in job arquivoMultiplosFormatosJob

org.springframework.beans.factory.UnsatisfiedDependencyException: Error creating bean with name 'scopedTarget.arquivoMultiplosFormatosItemReader' defined in class path resource [com/springbatch/demo/arquivos/arquivosMultiplosFormatos/reader/ArquivoMultiplosFormatosReaderConfig.class]: Unsatisfied dependency expressed through method 'arquivoMultiplosFormatosItemReader' parameter 1; nested exception is org.springframework.beans.factory.NoSuchBeanDefinitionException: No qualifying bean of type 'org.springframework.batch.item.file.LineMapper<?>' available: expected at least 1 bean which qualifies as autowire candidate. Dependency annotations: {}
	at org.springframework.beans.factory.support.ConstructorResolver.createArgumentArray(ConstructorResolver.java:800) ~[spring-beans-5.3.7.jar:5.3.7]
	at org.springframework.beans.factory.support.ConstructorResolver.instantiateUsingFactoryMethod(ConstructorResolver.java:541) ~[spring-beans-5.3.7.jar:5.3.7]
	at org.springframework.beans.factory.support.AbstractAutowireCapableBeanFactory.instantiateUsingFactoryMethod(AbstractAutowireCapableBeanFactory.java:1334) ~[spring-beans-5.3.7.jar:5.3.7]
	at org.springframework.beans.factory.support.AbstractAutowireCapableBeanFactory.createBeanInstance(AbstractAutowireCapableBeanFactory.java:1177) ~[spring-beans-5.3.7.jar:5.3.7]
	at org.springframework.beans.factory.support.AbstractAutowireCapableBeanFactory.doCreateBean(AbstractAutowireCapableBeanFactory.java:564) ~[spring-beans-5.3.7.jar:5.3.7]
	at org.springframework.beans.factory.support.AbstractAutowireCapableBeanFactory.createBean(AbstractAutowireCapableBeanFactory.java:524) ~[spring-beans-5.3.7.jar:5.3.7]
	at org.springframework.beans.factory.support.AbstractBeanFactory.lambda$doGetBean$1(AbstractBeanFactory.java:374) ~[spring-beans-5.3.7.jar:5.3.7]
	at org.springframework.batch.core.scope.StepScope.get(StepScope.java:113) ~[spring-batch-core-4.3.3.jar:4.3.3]
	at org.springframework.beans.factory.support.AbstractBeanFactory.doGetBean(AbstractBeanFactory.java:371) ~[spring-beans-5.3.7.jar:5.3.7]
	at org.springframework.beans.factory.support.AbstractBeanFactory.getBean(AbstractBeanFactory.java:208) ~[spring-beans-5.3.7.jar:5.3.7]
	at org.springframework.aop.target.SimpleBeanTargetSource.getTarget(SimpleBeanTargetSource.java:35) ~[spring-aop-5.3.7.jar:5.3.7]
	at org.springframework.aop.framework.CglibAopProxy$DynamicAdvisedInterceptor.intercept(CglibAopProxy.java:676) ~[spring-aop-5.3.7.jar:5.3.7]
	at org.springframework.batch.item.file.FlatFileItemReader$$EnhancerBySpringCGLIB$$8cc07d9f.open(<generated>) ~[spring-batch-infrastructure-4.3.3.jar:4.3.3]
	at org.springframework.batch.item.support.CompositeItemStream.open(CompositeItemStream.java:104) ~[spring-batch-infrastructure-4.3.3.jar:4.3.3]
	at org.springframework.batch.core.step.tasklet.TaskletStep.open(TaskletStep.java:311) ~[spring-batch-core-4.3.3.jar:4.3.3]
	at org.springframework.batch.core.step.AbstractStep.execute(AbstractStep.java:205) ~[spring-batch-core-4.3.3.jar:4.3.3]
	at org.springframework.batch.core.job.SimpleStepHandler.handleStep(SimpleStepHandler.java:152) ~[spring-batch-core-4.3.3.jar:4.3.3]
	at org.springframework.batch.core.job.AbstractJob.handleStep(AbstractJob.java:413) ~[spring-batch-core-4.3.3.jar:4.3.3]
	at org.springframework.batch.core.job.SimpleJob.doExecute(SimpleJob.java:136) ~[spring-batch-core-4.3.3.jar:4.3.3]
	at org.springframework.batch.core.job.AbstractJob.execute(AbstractJob.java:320) ~[spring-batch-core-4.3.3.jar:4.3.3]
	at org.springframework.batch.core.launch.support.SimpleJobLauncher$1.run(SimpleJobLauncher.java:149) ~[spring-batch-core-4.3.3.jar:4.3.3]
	at org.springframework.core.task.SyncTaskExecutor.execute(SyncTaskExecutor.java:50) ~[spring-core-5.3.7.jar:5.3.7]
	at org.springframework.batch.core.launch.support.SimpleJobLauncher.run(SimpleJobLauncher.java:140) ~[spring-batch-core-4.3.3.jar:4.3.3]
	at java.base/jdk.internal.reflect.NativeMethodAccessorImpl.invoke0(Native Method) ~[na:na]
	at java.base/jdk.internal.reflect.NativeMethodAccessorImpl.invoke(NativeMethodAccessorImpl.java:62) ~[na:na]
	at java.base/jdk.internal.reflect.DelegatingMethodAccessorImpl.invoke(DelegatingMethodAccessorImpl.java:43) ~[na:na]
	at java.base/java.lang.reflect.Method.invoke(Method.java:566) ~[na:na]
	at org.springframework.aop.support.AopUtils.invokeJoinpointUsingReflection(AopUtils.java:344) ~[spring-aop-5.3.7.jar:5.3.7]
	at org.springframework.aop.framework.ReflectiveMethodInvocation.invokeJoinpoint(ReflectiveMethodInvocation.java:198) ~[spring-aop-5.3.7.jar:5.3.7]
	at org.springframework.aop.framework.ReflectiveMethodInvocation.proceed(ReflectiveMethodInvocation.java:163) ~[spring-aop-5.3.7.jar:5.3.7]
	at org.springframework.batch.core.configuration.annotation.SimpleBatchConfiguration$PassthruAdvice.invoke(SimpleBatchConfiguration.java:128) ~[spring-batch-core-4.3.3.jar:4.3.3]
	at org.springframework.aop.framework.ReflectiveMethodInvocation.proceed(ReflectiveMethodInvocation.java:186) ~[spring-aop-5.3.7.jar:5.3.7]
	at org.springframework.aop.framework.JdkDynamicAopProxy.invoke(JdkDynamicAopProxy.java:215) ~[spring-aop-5.3.7.jar:5.3.7]
	at com.sun.proxy.$Proxy40.run(Unknown Source) ~[na:na]
	at org.springframework.boot.autoconfigure.batch.JobLauncherApplicationRunner.execute(JobLauncherApplicationRunner.java:199) ~[spring-boot-autoconfigure-2.4.6.jar:2.4.6]
	at org.springframework.boot.autoconfigure.batch.JobLauncherApplicationRunner.executeLocalJobs(JobLauncherApplicationRunner.java:173) ~[spring-boot-autoconfigure-2.4.6.jar:2.4.6]
	at org.springframework.boot.autoconfigure.batch.JobLauncherApplicationRunner.launchJobFromProperties(JobLauncherApplicationRunner.java:160) ~[spring-boot-autoconfigure-2.4.6.jar:2.4.6]
	at org.springframework.boot.autoconfigure.batch.JobLauncherApplicationRunner.run(JobLauncherApplicationRunner.java:155) ~[spring-boot-autoconfigure-2.4.6.jar:2.4.6]
	at org.springframework.boot.autoconfigure.batch.JobLauncherApplicationRunner.run(JobLauncherApplicationRunner.java:150) ~[spring-boot-autoconfigure-2.4.6.jar:2.4.6]
	at org.springframework.boot.SpringApplication.callRunner(SpringApplication.java:799) ~[spring-boot-2.4.6.jar:2.4.6]
	at org.springframework.boot.SpringApplication.callRunners(SpringApplication.java:789) ~[spring-boot-2.4.6.jar:2.4.6]
	at org.springframework.boot.SpringApplication.run(SpringApplication.java:346) ~[spring-boot-2.4.6.jar:2.4.6]
	at org.springframework.boot.SpringApplication.run(SpringApplication.java:1329) ~[spring-boot-2.4.6.jar:2.4.6]
	at org.springframework.boot.SpringApplication.run(SpringApplication.java:1318) ~[spring-boot-2.4.6.jar:2.4.6]
	at com.springbatch.demo.DemoApplication.main(DemoApplication.java:12) ~[classes/:na]
Caused by: org.springframework.beans.factory.NoSuchBeanDefinitionException: No qualifying bean of type 'org.springframework.batch.item.file.LineMapper<?>' available: expected at least 1 bean which qualifies as autowire candidate. Dependency annotations: {}
	at org.springframework.beans.factory.support.DefaultListableBeanFactory.raiseNoMatchingBeanFound(DefaultListableBeanFactory.java:1790) ~[spring-beans-5.3.7.jar:5.3.7]
	at org.springframework.beans.factory.support.DefaultListableBeanFactory.doResolveDependency(DefaultListableBeanFactory.java:1346) ~[spring-beans-5.3.7.jar:5.3.7]
	at org.springframework.beans.factory.support.DefaultListableBeanFactory.resolveDependency(DefaultListableBeanFactory.java:1300) ~[spring-beans-5.3.7.jar:5.3.7]
	at org.springframework.beans.factory.support.ConstructorResolver.resolveAutowiredArgument(ConstructorResolver.java:887) ~[spring-beans-5.3.7.jar:5.3.7]
	at org.springframework.beans.factory.support.ConstructorResolver.createArgumentArray(ConstructorResolver.java:791) ~[spring-beans-5.3.7.jar:5.3.7]
	... 44 common frames omitted

23-05-2021 21:52:59  INFO 28533 --- [main] o.s.batch.core.step.AbstractStep         : Step: [leituraArquivoMultiplosFormatosStep] executed in 183ms
23-05-2021 21:52:59 ERROR 28533 --- [main] o.s.batch.core.step.AbstractStep         : Exception while closing step execution resources in step leituraArquivoMultiplosFormatosStep in job arquivoMultiplosFormatosJob

org.springframework.beans.factory.UnsatisfiedDependencyException: Error creating bean with name 'scopedTarget.arquivoMultiplosFormatosItemReader' defined in class path resource [com/springbatch/demo/arquivos/arquivosMultiplosFormatos/reader/ArquivoMultiplosFormatosReaderConfig.class]: Unsatisfied dependency expressed through method 'arquivoMultiplosFormatosItemReader' parameter 1; nested exception is org.springframework.beans.factory.NoSuchBeanDefinitionException: No qualifying bean of type 'org.springframework.batch.item.file.LineMapper<?>' available: expected at least 1 bean which qualifies as autowire candidate. Dependency annotations: {}
	at org.springframework.beans.factory.support.ConstructorResolver.createArgumentArray(ConstructorResolver.java:800) ~[spring-beans-5.3.7.jar:5.3.7]
	at org.springframework.beans.factory.support.ConstructorResolver.instantiateUsingFactoryMethod(ConstructorResolver.java:541) ~[spring-beans-5.3.7.jar:5.3.7]
	at org.springframework.beans.factory.support.AbstractAutowireCapableBeanFactory.instantiateUsingFactoryMethod(AbstractAutowireCapableBeanFactory.java:1334) ~[spring-beans-5.3.7.jar:5.3.7]
	at org.springframework.beans.factory.support.AbstractAutowireCapableBeanFactory.createBeanInstance(AbstractAutowireCapableBeanFactory.java:1177) ~[spring-beans-5.3.7.jar:5.3.7]
	at org.springframework.beans.factory.support.AbstractAutowireCapableBeanFactory.doCreateBean(AbstractAutowireCapableBeanFactory.java:564) ~[spring-beans-5.3.7.jar:5.3.7]
	at org.springframework.beans.factory.support.AbstractAutowireCapableBeanFactory.createBean(AbstractAutowireCapableBeanFactory.java:524) ~[spring-beans-5.3.7.jar:5.3.7]
	at org.springframework.beans.factory.support.AbstractBeanFactory.lambda$doGetBean$1(AbstractBeanFactory.java:374) ~[spring-beans-5.3.7.jar:5.3.7]
	at org.springframework.batch.core.scope.StepScope.get(StepScope.java:113) ~[spring-batch-core-4.3.3.jar:4.3.3]
	at org.springframework.beans.factory.support.AbstractBeanFactory.doGetBean(AbstractBeanFactory.java:371) ~[spring-beans-5.3.7.jar:5.3.7]
	at org.springframework.beans.factory.support.AbstractBeanFactory.getBean(AbstractBeanFactory.java:208) ~[spring-beans-5.3.7.jar:5.3.7]
	at org.springframework.aop.target.SimpleBeanTargetSource.getTarget(SimpleBeanTargetSource.java:35) ~[spring-aop-5.3.7.jar:5.3.7]
	at org.springframework.aop.framework.CglibAopProxy$DynamicAdvisedInterceptor.intercept(CglibAopProxy.java:676) ~[spring-aop-5.3.7.jar:5.3.7]
	at org.springframework.batch.item.file.FlatFileItemReader$$EnhancerBySpringCGLIB$$8cc07d9f.close(<generated>) ~[spring-batch-infrastructure-4.3.3.jar:4.3.3]
	at org.springframework.batch.item.support.CompositeItemStream.close(CompositeItemStream.java:90) ~[spring-batch-infrastructure-4.3.3.jar:4.3.3]
	at org.springframework.batch.core.step.tasklet.TaskletStep.close(TaskletStep.java:306) ~[spring-batch-core-4.3.3.jar:4.3.3]
	at org.springframework.batch.core.step.AbstractStep.execute(AbstractStep.java:287) ~[spring-batch-core-4.3.3.jar:4.3.3]
	at org.springframework.batch.core.job.SimpleStepHandler.handleStep(SimpleStepHandler.java:152) ~[spring-batch-core-4.3.3.jar:4.3.3]
	at org.springframework.batch.core.job.AbstractJob.handleStep(AbstractJob.java:413) ~[spring-batch-core-4.3.3.jar:4.3.3]
	at org.springframework.batch.core.job.SimpleJob.doExecute(SimpleJob.java:136) ~[spring-batch-core-4.3.3.jar:4.3.3]
	at org.springframework.batch.core.job.AbstractJob.execute(AbstractJob.java:320) ~[spring-batch-core-4.3.3.jar:4.3.3]
	at org.springframework.batch.core.launch.support.SimpleJobLauncher$1.run(SimpleJobLauncher.java:149) ~[spring-batch-core-4.3.3.jar:4.3.3]
	at org.springframework.core.task.SyncTaskExecutor.execute(SyncTaskExecutor.java:50) ~[spring-core-5.3.7.jar:5.3.7]
	at org.springframework.batch.core.launch.support.SimpleJobLauncher.run(SimpleJobLauncher.java:140) ~[spring-batch-core-4.3.3.jar:4.3.3]
	at java.base/jdk.internal.reflect.NativeMethodAccessorImpl.invoke0(Native Method) ~[na:na]
	at java.base/jdk.internal.reflect.NativeMethodAccessorImpl.invoke(NativeMethodAccessorImpl.java:62) ~[na:na]
	at java.base/jdk.internal.reflect.DelegatingMethodAccessorImpl.invoke(DelegatingMethodAccessorImpl.java:43) ~[na:na]
	at java.base/java.lang.reflect.Method.invoke(Method.java:566) ~[na:na]
	at org.springframework.aop.support.AopUtils.invokeJoinpointUsingReflection(AopUtils.java:344) ~[spring-aop-5.3.7.jar:5.3.7]
	at org.springframework.aop.framework.ReflectiveMethodInvocation.invokeJoinpoint(ReflectiveMethodInvocation.java:198) ~[spring-aop-5.3.7.jar:5.3.7]
	at org.springframework.aop.framework.ReflectiveMethodInvocation.proceed(ReflectiveMethodInvocation.java:163) ~[spring-aop-5.3.7.jar:5.3.7]
	at org.springframework.batch.core.configuration.annotation.SimpleBatchConfiguration$PassthruAdvice.invoke(SimpleBatchConfiguration.java:128) ~[spring-batch-core-4.3.3.jar:4.3.3]
	at org.springframework.aop.framework.ReflectiveMethodInvocation.proceed(ReflectiveMethodInvocation.java:186) ~[spring-aop-5.3.7.jar:5.3.7]
	at org.springframework.aop.framework.JdkDynamicAopProxy.invoke(JdkDynamicAopProxy.java:215) ~[spring-aop-5.3.7.jar:5.3.7]
	at com.sun.proxy.$Proxy40.run(Unknown Source) ~[na:na]
	at org.springframework.boot.autoconfigure.batch.JobLauncherApplicationRunner.execute(JobLauncherApplicationRunner.java:199) ~[spring-boot-autoconfigure-2.4.6.jar:2.4.6]
	at org.springframework.boot.autoconfigure.batch.JobLauncherApplicationRunner.executeLocalJobs(JobLauncherApplicationRunner.java:173) ~[spring-boot-autoconfigure-2.4.6.jar:2.4.6]
	at org.springframework.boot.autoconfigure.batch.JobLauncherApplicationRunner.launchJobFromProperties(JobLauncherApplicationRunner.java:160) ~[spring-boot-autoconfigure-2.4.6.jar:2.4.6]
	at org.springframework.boot.autoconfigure.batch.JobLauncherApplicationRunner.run(JobLauncherApplicationRunner.java:155) ~[spring-boot-autoconfigure-2.4.6.jar:2.4.6]
	at org.springframework.boot.autoconfigure.batch.JobLauncherApplicationRunner.run(JobLauncherApplicationRunner.java:150) ~[spring-boot-autoconfigure-2.4.6.jar:2.4.6]
	at org.springframework.boot.SpringApplication.callRunner(SpringApplication.java:799) ~[spring-boot-2.4.6.jar:2.4.6]
	at org.springframework.boot.SpringApplication.callRunners(SpringApplication.java:789) ~[spring-boot-2.4.6.jar:2.4.6]
	at org.springframework.boot.SpringApplication.run(SpringApplication.java:346) ~[spring-boot-2.4.6.jar:2.4.6]
	at org.springframework.boot.SpringApplication.run(SpringApplication.java:1329) ~[spring-boot-2.4.6.jar:2.4.6]
	at org.springframework.boot.SpringApplication.run(SpringApplication.java:1318) ~[spring-boot-2.4.6.jar:2.4.6]
	at com.springbatch.demo.DemoApplication.main(DemoApplication.java:12) ~[classes/:na]
Caused by: org.springframework.beans.factory.NoSuchBeanDefinitionException: No qualifying bean of type 'org.springframework.batch.item.file.LineMapper<?>' available: expected at least 1 bean which qualifies as autowire candidate. Dependency annotations: {}
	at org.springframework.beans.factory.support.DefaultListableBeanFactory.raiseNoMatchingBeanFound(DefaultListableBeanFactory.java:1790) ~[spring-beans-5.3.7.jar:5.3.7]
	at org.springframework.beans.factory.support.DefaultListableBeanFactory.doResolveDependency(DefaultListableBeanFactory.java:1346) ~[spring-beans-5.3.7.jar:5.3.7]
	at org.springframework.beans.factory.support.DefaultListableBeanFactory.resolveDependency(DefaultListableBeanFactory.java:1300) ~[spring-beans-5.3.7.jar:5.3.7]
	at org.springframework.beans.factory.support.ConstructorResolver.resolveAutowiredArgument(ConstructorResolver.java:887) ~[spring-beans-5.3.7.jar:5.3.7]
	at org.springframework.beans.factory.support.ConstructorResolver.createArgumentArray(ConstructorResolver.java:791) ~[spring-beans-5.3.7.jar:5.3.7]
	... 44 common frames omitted

23-05-2021 21:52:59  INFO 28533 --- [main] o.s.b.c.l.support.SimpleJobLauncher      : Job: [SimpleJob: [name=arquivoMultiplosFormatosJob]] completed with the following parameters: [{run.id=3, arquivoClientes=file:files/clientesTransacoes.txt}] and the following status: [FAILED] in 622ms
23-05-2021 21:52:59  INFO 28533 --- [SpringContextShutdownHook] com.zaxxer.hikari.HikariDataSource       : HikariPool-1 - Shutdown initiated...
23-05-2021 21:52:59  INFO 28533 --- [SpringContextShutdownHook] com.zaxxer.hikari.HikariDataSource       : HikariPool-1 - Shutdown completed.
23-05-2021 21:55:25  INFO 28659 --- [main] com.springbatch.demo.DemoApplication     : Starting DemoApplication using Java 11.0.11 on alexandre with PID 28659 (/home/alexandre/Documentos/cursos/spring batch/demo/target/classes started by alexandre in /home/alexandre/Documentos/cursos/spring batch/demo)
23-05-2021 21:55:25  INFO 28659 --- [main] com.springbatch.demo.DemoApplication     : No active profile set, falling back to default profiles: default
23-05-2021 21:55:27  INFO 28659 --- [main] com.zaxxer.hikari.HikariDataSource       : HikariPool-1 - Starting...
23-05-2021 21:55:27  INFO 28659 --- [main] com.zaxxer.hikari.HikariDataSource       : HikariPool-1 - Start completed.
23-05-2021 21:55:27  INFO 28659 --- [main] o.s.b.c.r.s.JobRepositoryFactoryBean     : No database type set, using meta data indicating: MYSQL
23-05-2021 21:55:27  INFO 28659 --- [main] o.s.b.c.l.support.SimpleJobLauncher      : No TaskExecutor has been set, defaulting to synchronous executor.
23-05-2021 21:55:27  INFO 28659 --- [main] com.springbatch.demo.DemoApplication     : Started DemoApplication in 2.787 seconds (JVM running for 3.784)
23-05-2021 21:55:27  INFO 28659 --- [main] o.s.b.a.b.JobLauncherApplicationRunner   : Running default command line with: [arquivoClientes=file:files/clientesTransacoes.txt]
23-05-2021 21:55:28  INFO 28659 --- [main] o.s.b.c.l.support.SimpleJobLauncher      : Job: [SimpleJob: [name=arquivoMultiplosFormatosJob]] launched with the following parameters: [{run.id=4, arquivoClientes=file:files/clientesTransacoes.txt}]
23-05-2021 21:55:28  INFO 28659 --- [main] o.s.batch.core.job.SimpleStepHandler     : Executing step: [leituraArquivoMultiplosFormatosStep]
23-05-2021 21:55:28 ERROR 28659 --- [main] o.s.batch.core.step.AbstractStep         : Encountered an error executing step leituraArquivoMultiplosFormatosStep in job arquivoMultiplosFormatosJob

org.springframework.beans.factory.UnsatisfiedDependencyException: Error creating bean with name 'scopedTarget.arquivoMultiplosFormatosItemReader' defined in class path resource [com/springbatch/demo/arquivos/arquivosMultiplosFormatos/reader/ArquivoMultiplosFormatosReaderConfig.class]: Unsatisfied dependency expressed through method 'arquivoMultiplosFormatosItemReader' parameter 1; nested exception is org.springframework.beans.factory.NoSuchBeanDefinitionException: No qualifying bean of type 'org.springframework.batch.item.file.LineMapper<?>' available: expected at least 1 bean which qualifies as autowire candidate. Dependency annotations: {}
	at org.springframework.beans.factory.support.ConstructorResolver.createArgumentArray(ConstructorResolver.java:800) ~[spring-beans-5.3.7.jar:5.3.7]
	at org.springframework.beans.factory.support.ConstructorResolver.instantiateUsingFactoryMethod(ConstructorResolver.java:541) ~[spring-beans-5.3.7.jar:5.3.7]
	at org.springframework.beans.factory.support.AbstractAutowireCapableBeanFactory.instantiateUsingFactoryMethod(AbstractAutowireCapableBeanFactory.java:1334) ~[spring-beans-5.3.7.jar:5.3.7]
	at org.springframework.beans.factory.support.AbstractAutowireCapableBeanFactory.createBeanInstance(AbstractAutowireCapableBeanFactory.java:1177) ~[spring-beans-5.3.7.jar:5.3.7]
	at org.springframework.beans.factory.support.AbstractAutowireCapableBeanFactory.doCreateBean(AbstractAutowireCapableBeanFactory.java:564) ~[spring-beans-5.3.7.jar:5.3.7]
	at org.springframework.beans.factory.support.AbstractAutowireCapableBeanFactory.createBean(AbstractAutowireCapableBeanFactory.java:524) ~[spring-beans-5.3.7.jar:5.3.7]
	at org.springframework.beans.factory.support.AbstractBeanFactory.lambda$doGetBean$1(AbstractBeanFactory.java:374) ~[spring-beans-5.3.7.jar:5.3.7]
	at org.springframework.batch.core.scope.StepScope.get(StepScope.java:113) ~[spring-batch-core-4.3.3.jar:4.3.3]
	at org.springframework.beans.factory.support.AbstractBeanFactory.doGetBean(AbstractBeanFactory.java:371) ~[spring-beans-5.3.7.jar:5.3.7]
	at org.springframework.beans.factory.support.AbstractBeanFactory.getBean(AbstractBeanFactory.java:208) ~[spring-beans-5.3.7.jar:5.3.7]
	at org.springframework.aop.target.SimpleBeanTargetSource.getTarget(SimpleBeanTargetSource.java:35) ~[spring-aop-5.3.7.jar:5.3.7]
	at org.springframework.aop.framework.CglibAopProxy$DynamicAdvisedInterceptor.intercept(CglibAopProxy.java:676) ~[spring-aop-5.3.7.jar:5.3.7]
	at org.springframework.batch.item.file.FlatFileItemReader$$EnhancerBySpringCGLIB$$a47c4078.open(<generated>) ~[spring-batch-infrastructure-4.3.3.jar:4.3.3]
	at org.springframework.batch.item.support.CompositeItemStream.open(CompositeItemStream.java:104) ~[spring-batch-infrastructure-4.3.3.jar:4.3.3]
	at org.springframework.batch.core.step.tasklet.TaskletStep.open(TaskletStep.java:311) ~[spring-batch-core-4.3.3.jar:4.3.3]
	at org.springframework.batch.core.step.AbstractStep.execute(AbstractStep.java:205) ~[spring-batch-core-4.3.3.jar:4.3.3]
	at org.springframework.batch.core.job.SimpleStepHandler.handleStep(SimpleStepHandler.java:152) ~[spring-batch-core-4.3.3.jar:4.3.3]
	at org.springframework.batch.core.job.AbstractJob.handleStep(AbstractJob.java:413) ~[spring-batch-core-4.3.3.jar:4.3.3]
	at org.springframework.batch.core.job.SimpleJob.doExecute(SimpleJob.java:136) ~[spring-batch-core-4.3.3.jar:4.3.3]
	at org.springframework.batch.core.job.AbstractJob.execute(AbstractJob.java:320) ~[spring-batch-core-4.3.3.jar:4.3.3]
	at org.springframework.batch.core.launch.support.SimpleJobLauncher$1.run(SimpleJobLauncher.java:149) ~[spring-batch-core-4.3.3.jar:4.3.3]
	at org.springframework.core.task.SyncTaskExecutor.execute(SyncTaskExecutor.java:50) ~[spring-core-5.3.7.jar:5.3.7]
	at org.springframework.batch.core.launch.support.SimpleJobLauncher.run(SimpleJobLauncher.java:140) ~[spring-batch-core-4.3.3.jar:4.3.3]
	at java.base/jdk.internal.reflect.NativeMethodAccessorImpl.invoke0(Native Method) ~[na:na]
	at java.base/jdk.internal.reflect.NativeMethodAccessorImpl.invoke(NativeMethodAccessorImpl.java:62) ~[na:na]
	at java.base/jdk.internal.reflect.DelegatingMethodAccessorImpl.invoke(DelegatingMethodAccessorImpl.java:43) ~[na:na]
	at java.base/java.lang.reflect.Method.invoke(Method.java:566) ~[na:na]
	at org.springframework.aop.support.AopUtils.invokeJoinpointUsingReflection(AopUtils.java:344) ~[spring-aop-5.3.7.jar:5.3.7]
	at org.springframework.aop.framework.ReflectiveMethodInvocation.invokeJoinpoint(ReflectiveMethodInvocation.java:198) ~[spring-aop-5.3.7.jar:5.3.7]
	at org.springframework.aop.framework.ReflectiveMethodInvocation.proceed(ReflectiveMethodInvocation.java:163) ~[spring-aop-5.3.7.jar:5.3.7]
	at org.springframework.batch.core.configuration.annotation.SimpleBatchConfiguration$PassthruAdvice.invoke(SimpleBatchConfiguration.java:128) ~[spring-batch-core-4.3.3.jar:4.3.3]
	at org.springframework.aop.framework.ReflectiveMethodInvocation.proceed(ReflectiveMethodInvocation.java:186) ~[spring-aop-5.3.7.jar:5.3.7]
	at org.springframework.aop.framework.JdkDynamicAopProxy.invoke(JdkDynamicAopProxy.java:215) ~[spring-aop-5.3.7.jar:5.3.7]
	at com.sun.proxy.$Proxy40.run(Unknown Source) ~[na:na]
	at org.springframework.boot.autoconfigure.batch.JobLauncherApplicationRunner.execute(JobLauncherApplicationRunner.java:199) ~[spring-boot-autoconfigure-2.4.6.jar:2.4.6]
	at org.springframework.boot.autoconfigure.batch.JobLauncherApplicationRunner.executeLocalJobs(JobLauncherApplicationRunner.java:173) ~[spring-boot-autoconfigure-2.4.6.jar:2.4.6]
	at org.springframework.boot.autoconfigure.batch.JobLauncherApplicationRunner.launchJobFromProperties(JobLauncherApplicationRunner.java:160) ~[spring-boot-autoconfigure-2.4.6.jar:2.4.6]
	at org.springframework.boot.autoconfigure.batch.JobLauncherApplicationRunner.run(JobLauncherApplicationRunner.java:155) ~[spring-boot-autoconfigure-2.4.6.jar:2.4.6]
	at org.springframework.boot.autoconfigure.batch.JobLauncherApplicationRunner.run(JobLauncherApplicationRunner.java:150) ~[spring-boot-autoconfigure-2.4.6.jar:2.4.6]
	at org.springframework.boot.SpringApplication.callRunner(SpringApplication.java:799) ~[spring-boot-2.4.6.jar:2.4.6]
	at org.springframework.boot.SpringApplication.callRunners(SpringApplication.java:789) ~[spring-boot-2.4.6.jar:2.4.6]
	at org.springframework.boot.SpringApplication.run(SpringApplication.java:346) ~[spring-boot-2.4.6.jar:2.4.6]
	at org.springframework.boot.SpringApplication.run(SpringApplication.java:1329) ~[spring-boot-2.4.6.jar:2.4.6]
	at org.springframework.boot.SpringApplication.run(SpringApplication.java:1318) ~[spring-boot-2.4.6.jar:2.4.6]
	at com.springbatch.demo.DemoApplication.main(DemoApplication.java:12) ~[classes/:na]
Caused by: org.springframework.beans.factory.NoSuchBeanDefinitionException: No qualifying bean of type 'org.springframework.batch.item.file.LineMapper<?>' available: expected at least 1 bean which qualifies as autowire candidate. Dependency annotations: {}
	at org.springframework.beans.factory.support.DefaultListableBeanFactory.raiseNoMatchingBeanFound(DefaultListableBeanFactory.java:1790) ~[spring-beans-5.3.7.jar:5.3.7]
	at org.springframework.beans.factory.support.DefaultListableBeanFactory.doResolveDependency(DefaultListableBeanFactory.java:1346) ~[spring-beans-5.3.7.jar:5.3.7]
	at org.springframework.beans.factory.support.DefaultListableBeanFactory.resolveDependency(DefaultListableBeanFactory.java:1300) ~[spring-beans-5.3.7.jar:5.3.7]
	at org.springframework.beans.factory.support.ConstructorResolver.resolveAutowiredArgument(ConstructorResolver.java:887) ~[spring-beans-5.3.7.jar:5.3.7]
	at org.springframework.beans.factory.support.ConstructorResolver.createArgumentArray(ConstructorResolver.java:791) ~[spring-beans-5.3.7.jar:5.3.7]
	... 44 common frames omitted

23-05-2021 21:55:28  INFO 28659 --- [main] o.s.batch.core.step.AbstractStep         : Step: [leituraArquivoMultiplosFormatosStep] executed in 216ms
23-05-2021 21:55:29 ERROR 28659 --- [main] o.s.batch.core.step.AbstractStep         : Exception while closing step execution resources in step leituraArquivoMultiplosFormatosStep in job arquivoMultiplosFormatosJob

org.springframework.beans.factory.UnsatisfiedDependencyException: Error creating bean with name 'scopedTarget.arquivoMultiplosFormatosItemReader' defined in class path resource [com/springbatch/demo/arquivos/arquivosMultiplosFormatos/reader/ArquivoMultiplosFormatosReaderConfig.class]: Unsatisfied dependency expressed through method 'arquivoMultiplosFormatosItemReader' parameter 1; nested exception is org.springframework.beans.factory.NoSuchBeanDefinitionException: No qualifying bean of type 'org.springframework.batch.item.file.LineMapper<?>' available: expected at least 1 bean which qualifies as autowire candidate. Dependency annotations: {}
	at org.springframework.beans.factory.support.ConstructorResolver.createArgumentArray(ConstructorResolver.java:800) ~[spring-beans-5.3.7.jar:5.3.7]
	at org.springframework.beans.factory.support.ConstructorResolver.instantiateUsingFactoryMethod(ConstructorResolver.java:541) ~[spring-beans-5.3.7.jar:5.3.7]
	at org.springframework.beans.factory.support.AbstractAutowireCapableBeanFactory.instantiateUsingFactoryMethod(AbstractAutowireCapableBeanFactory.java:1334) ~[spring-beans-5.3.7.jar:5.3.7]
	at org.springframework.beans.factory.support.AbstractAutowireCapableBeanFactory.createBeanInstance(AbstractAutowireCapableBeanFactory.java:1177) ~[spring-beans-5.3.7.jar:5.3.7]
	at org.springframework.beans.factory.support.AbstractAutowireCapableBeanFactory.doCreateBean(AbstractAutowireCapableBeanFactory.java:564) ~[spring-beans-5.3.7.jar:5.3.7]
	at org.springframework.beans.factory.support.AbstractAutowireCapableBeanFactory.createBean(AbstractAutowireCapableBeanFactory.java:524) ~[spring-beans-5.3.7.jar:5.3.7]
	at org.springframework.beans.factory.support.AbstractBeanFactory.lambda$doGetBean$1(AbstractBeanFactory.java:374) ~[spring-beans-5.3.7.jar:5.3.7]
	at org.springframework.batch.core.scope.StepScope.get(StepScope.java:113) ~[spring-batch-core-4.3.3.jar:4.3.3]
	at org.springframework.beans.factory.support.AbstractBeanFactory.doGetBean(AbstractBeanFactory.java:371) ~[spring-beans-5.3.7.jar:5.3.7]
	at org.springframework.beans.factory.support.AbstractBeanFactory.getBean(AbstractBeanFactory.java:208) ~[spring-beans-5.3.7.jar:5.3.7]
	at org.springframework.aop.target.SimpleBeanTargetSource.getTarget(SimpleBeanTargetSource.java:35) ~[spring-aop-5.3.7.jar:5.3.7]
	at org.springframework.aop.framework.CglibAopProxy$DynamicAdvisedInterceptor.intercept(CglibAopProxy.java:676) ~[spring-aop-5.3.7.jar:5.3.7]
	at org.springframework.batch.item.file.FlatFileItemReader$$EnhancerBySpringCGLIB$$a47c4078.close(<generated>) ~[spring-batch-infrastructure-4.3.3.jar:4.3.3]
	at org.springframework.batch.item.support.CompositeItemStream.close(CompositeItemStream.java:90) ~[spring-batch-infrastructure-4.3.3.jar:4.3.3]
	at org.springframework.batch.core.step.tasklet.TaskletStep.close(TaskletStep.java:306) ~[spring-batch-core-4.3.3.jar:4.3.3]
	at org.springframework.batch.core.step.AbstractStep.execute(AbstractStep.java:287) ~[spring-batch-core-4.3.3.jar:4.3.3]
	at org.springframework.batch.core.job.SimpleStepHandler.handleStep(SimpleStepHandler.java:152) ~[spring-batch-core-4.3.3.jar:4.3.3]
	at org.springframework.batch.core.job.AbstractJob.handleStep(AbstractJob.java:413) ~[spring-batch-core-4.3.3.jar:4.3.3]
	at org.springframework.batch.core.job.SimpleJob.doExecute(SimpleJob.java:136) ~[spring-batch-core-4.3.3.jar:4.3.3]
	at org.springframework.batch.core.job.AbstractJob.execute(AbstractJob.java:320) ~[spring-batch-core-4.3.3.jar:4.3.3]
	at org.springframework.batch.core.launch.support.SimpleJobLauncher$1.run(SimpleJobLauncher.java:149) ~[spring-batch-core-4.3.3.jar:4.3.3]
	at org.springframework.core.task.SyncTaskExecutor.execute(SyncTaskExecutor.java:50) ~[spring-core-5.3.7.jar:5.3.7]
	at org.springframework.batch.core.launch.support.SimpleJobLauncher.run(SimpleJobLauncher.java:140) ~[spring-batch-core-4.3.3.jar:4.3.3]
	at java.base/jdk.internal.reflect.NativeMethodAccessorImpl.invoke0(Native Method) ~[na:na]
	at java.base/jdk.internal.reflect.NativeMethodAccessorImpl.invoke(NativeMethodAccessorImpl.java:62) ~[na:na]
	at java.base/jdk.internal.reflect.DelegatingMethodAccessorImpl.invoke(DelegatingMethodAccessorImpl.java:43) ~[na:na]
	at java.base/java.lang.reflect.Method.invoke(Method.java:566) ~[na:na]
	at org.springframework.aop.support.AopUtils.invokeJoinpointUsingReflection(AopUtils.java:344) ~[spring-aop-5.3.7.jar:5.3.7]
	at org.springframework.aop.framework.ReflectiveMethodInvocation.invokeJoinpoint(ReflectiveMethodInvocation.java:198) ~[spring-aop-5.3.7.jar:5.3.7]
	at org.springframework.aop.framework.ReflectiveMethodInvocation.proceed(ReflectiveMethodInvocation.java:163) ~[spring-aop-5.3.7.jar:5.3.7]
	at org.springframework.batch.core.configuration.annotation.SimpleBatchConfiguration$PassthruAdvice.invoke(SimpleBatchConfiguration.java:128) ~[spring-batch-core-4.3.3.jar:4.3.3]
	at org.springframework.aop.framework.ReflectiveMethodInvocation.proceed(ReflectiveMethodInvocation.java:186) ~[spring-aop-5.3.7.jar:5.3.7]
	at org.springframework.aop.framework.JdkDynamicAopProxy.invoke(JdkDynamicAopProxy.java:215) ~[spring-aop-5.3.7.jar:5.3.7]
	at com.sun.proxy.$Proxy40.run(Unknown Source) ~[na:na]
	at org.springframework.boot.autoconfigure.batch.JobLauncherApplicationRunner.execute(JobLauncherApplicationRunner.java:199) ~[spring-boot-autoconfigure-2.4.6.jar:2.4.6]
	at org.springframework.boot.autoconfigure.batch.JobLauncherApplicationRunner.executeLocalJobs(JobLauncherApplicationRunner.java:173) ~[spring-boot-autoconfigure-2.4.6.jar:2.4.6]
	at org.springframework.boot.autoconfigure.batch.JobLauncherApplicationRunner.launchJobFromProperties(JobLauncherApplicationRunner.java:160) ~[spring-boot-autoconfigure-2.4.6.jar:2.4.6]
	at org.springframework.boot.autoconfigure.batch.JobLauncherApplicationRunner.run(JobLauncherApplicationRunner.java:155) ~[spring-boot-autoconfigure-2.4.6.jar:2.4.6]
	at org.springframework.boot.autoconfigure.batch.JobLauncherApplicationRunner.run(JobLauncherApplicationRunner.java:150) ~[spring-boot-autoconfigure-2.4.6.jar:2.4.6]
	at org.springframework.boot.SpringApplication.callRunner(SpringApplication.java:799) ~[spring-boot-2.4.6.jar:2.4.6]
	at org.springframework.boot.SpringApplication.callRunners(SpringApplication.java:789) ~[spring-boot-2.4.6.jar:2.4.6]
	at org.springframework.boot.SpringApplication.run(SpringApplication.java:346) ~[spring-boot-2.4.6.jar:2.4.6]
	at org.springframework.boot.SpringApplication.run(SpringApplication.java:1329) ~[spring-boot-2.4.6.jar:2.4.6]
	at org.springframework.boot.SpringApplication.run(SpringApplication.java:1318) ~[spring-boot-2.4.6.jar:2.4.6]
	at com.springbatch.demo.DemoApplication.main(DemoApplication.java:12) ~[classes/:na]
Caused by: org.springframework.beans.factory.NoSuchBeanDefinitionException: No qualifying bean of type 'org.springframework.batch.item.file.LineMapper<?>' available: expected at least 1 bean which qualifies as autowire candidate. Dependency annotations: {}
	at org.springframework.beans.factory.support.DefaultListableBeanFactory.raiseNoMatchingBeanFound(DefaultListableBeanFactory.java:1790) ~[spring-beans-5.3.7.jar:5.3.7]
	at org.springframework.beans.factory.support.DefaultListableBeanFactory.doResolveDependency(DefaultListableBeanFactory.java:1346) ~[spring-beans-5.3.7.jar:5.3.7]
	at org.springframework.beans.factory.support.DefaultListableBeanFactory.resolveDependency(DefaultListableBeanFactory.java:1300) ~[spring-beans-5.3.7.jar:5.3.7]
	at org.springframework.beans.factory.support.ConstructorResolver.resolveAutowiredArgument(ConstructorResolver.java:887) ~[spring-beans-5.3.7.jar:5.3.7]
	at org.springframework.beans.factory.support.ConstructorResolver.createArgumentArray(ConstructorResolver.java:791) ~[spring-beans-5.3.7.jar:5.3.7]
	... 44 common frames omitted

23-05-2021 21:55:29  INFO 28659 --- [main] o.s.b.c.l.support.SimpleJobLauncher      : Job: [SimpleJob: [name=arquivoMultiplosFormatosJob]] completed with the following parameters: [{run.id=4, arquivoClientes=file:files/clientesTransacoes.txt}] and the following status: [FAILED] in 1s2ms
23-05-2021 21:55:29  INFO 28659 --- [SpringContextShutdownHook] com.zaxxer.hikari.HikariDataSource       : HikariPool-1 - Shutdown initiated...
23-05-2021 21:55:29  INFO 28659 --- [SpringContextShutdownHook] com.zaxxer.hikari.HikariDataSource       : HikariPool-1 - Shutdown completed.
23-05-2021 21:56:06  INFO 28763 --- [main] com.springbatch.demo.DemoApplication     : Starting DemoApplication using Java 11.0.11 on alexandre with PID 28763 (/home/alexandre/Documentos/cursos/spring batch/demo/target/classes started by alexandre in /home/alexandre/Documentos/cursos/spring batch/demo)
23-05-2021 21:56:06  INFO 28763 --- [main] com.springbatch.demo.DemoApplication     : No active profile set, falling back to default profiles: default
23-05-2021 21:56:07  INFO 28763 --- [main] com.zaxxer.hikari.HikariDataSource       : HikariPool-1 - Starting...
23-05-2021 21:56:08  INFO 28763 --- [main] com.zaxxer.hikari.HikariDataSource       : HikariPool-1 - Start completed.
23-05-2021 21:56:08  INFO 28763 --- [main] o.s.b.c.r.s.JobRepositoryFactoryBean     : No database type set, using meta data indicating: MYSQL
23-05-2021 21:56:08  INFO 28763 --- [main] o.s.b.c.l.support.SimpleJobLauncher      : No TaskExecutor has been set, defaulting to synchronous executor.
23-05-2021 21:56:08  INFO 28763 --- [main] com.springbatch.demo.DemoApplication     : Started DemoApplication in 2.599 seconds (JVM running for 3.565)
23-05-2021 21:56:08  INFO 28763 --- [main] o.s.b.a.b.JobLauncherApplicationRunner   : Running default command line with: [arquivoClientes=file:files/clientesTransacoes.txt]
23-05-2021 21:56:09  INFO 28763 --- [main] o.s.b.c.l.support.SimpleJobLauncher      : Job: [SimpleJob: [name=arquivoMultiplosFormatosJob]] launched with the following parameters: [{run.id=5, arquivoClientes=file:files/clientesTransacoes.txt}]
23-05-2021 21:56:09  INFO 28763 --- [main] o.s.batch.core.job.SimpleStepHandler     : Executing step: [leituraArquivoMultiplosFormatosStep]
23-05-2021 21:56:10  INFO 28763 --- [main] o.s.batch.core.step.AbstractStep         : Step: [leituraArquivoMultiplosFormatosStep] executed in 945ms
23-05-2021 21:56:10  INFO 28763 --- [main] o.s.b.c.l.support.SimpleJobLauncher      : Job: [SimpleJob: [name=arquivoMultiplosFormatosJob]] completed with the following parameters: [{run.id=5, arquivoClientes=file:files/clientesTransacoes.txt}] and the following status: [COMPLETED] in 1s310ms
23-05-2021 21:56:10  INFO 28763 --- [SpringContextShutdownHook] com.zaxxer.hikari.HikariDataSource       : HikariPool-1 - Shutdown initiated...
23-05-2021 21:56:10  INFO 28763 --- [SpringContextShutdownHook] com.zaxxer.hikari.HikariDataSource       : HikariPool-1 - Shutdown completed.
23-05-2021 21:59:11  INFO 29031 --- [main] com.springbatch.demo.DemoApplication     : Starting DemoApplication using Java 11.0.11 on alexandre with PID 29031 (/home/alexandre/Documentos/cursos/spring batch/demo/target/classes started by alexandre in /home/alexandre/Documentos/cursos/spring batch/demo)
23-05-2021 21:59:11  INFO 29031 --- [main] com.springbatch.demo.DemoApplication     : No active profile set, falling back to default profiles: default
23-05-2021 21:59:12  INFO 29031 --- [main] com.zaxxer.hikari.HikariDataSource       : HikariPool-1 - Starting...
23-05-2021 21:59:13  INFO 29031 --- [main] com.zaxxer.hikari.HikariDataSource       : HikariPool-1 - Start completed.
23-05-2021 21:59:13  INFO 29031 --- [main] o.s.b.c.r.s.JobRepositoryFactoryBean     : No database type set, using meta data indicating: MYSQL
23-05-2021 21:59:13  INFO 29031 --- [main] o.s.b.c.l.support.SimpleJobLauncher      : No TaskExecutor has been set, defaulting to synchronous executor.
23-05-2021 21:59:13  INFO 29031 --- [main] com.springbatch.demo.DemoApplication     : Started DemoApplication in 2.613 seconds (JVM running for 3.648)
23-05-2021 21:59:13  INFO 29031 --- [main] o.s.b.a.b.JobLauncherApplicationRunner   : Running default command line with: [arquivoClientes=file:files/clientesTransacoes.txt]
23-05-2021 21:59:13  INFO 29031 --- [main] o.s.b.c.l.support.SimpleJobLauncher      : Job: [SimpleJob: [name=arquivoMultiplosFormatosJob]] launched with the following parameters: [{run.id=6, arquivoClientes=file:files/clientesTransacoes.txt}]
23-05-2021 21:59:14  INFO 29031 --- [main] o.s.batch.core.job.SimpleStepHandler     : Executing step: [leituraArquivoMultiplosFormatosStep]
23-05-2021 21:59:15  INFO 29031 --- [main] o.s.batch.core.step.AbstractStep         : Step: [leituraArquivoMultiplosFormatosStep] executed in 970ms
23-05-2021 21:59:15  INFO 29031 --- [main] o.s.b.c.l.support.SimpleJobLauncher      : Job: [SimpleJob: [name=arquivoMultiplosFormatosJob]] completed with the following parameters: [{run.id=6, arquivoClientes=file:files/clientesTransacoes.txt}] and the following status: [COMPLETED] in 1s358ms
23-05-2021 21:59:15  INFO 29031 --- [SpringContextShutdownHook] com.zaxxer.hikari.HikariDataSource       : HikariPool-1 - Shutdown initiated...
23-05-2021 21:59:15  INFO 29031 --- [SpringContextShutdownHook] com.zaxxer.hikari.HikariDataSource       : HikariPool-1 - Shutdown completed.
24-05-2021 03:49:13  INFO 13066 --- [main] com.springbatch.demo.DemoApplication     : Starting DemoApplication using Java 11.0.11 on alexandre with PID 13066 (/home/alexandre/Documentos/cursos/spring batch/demo/target/classes started by alexandre in /home/alexandre/Documentos/cursos/spring batch/demo)
24-05-2021 03:49:13  INFO 13066 --- [main] com.springbatch.demo.DemoApplication     : No active profile set, falling back to default profiles: default
24-05-2021 03:49:14  INFO 13066 --- [main] com.zaxxer.hikari.HikariDataSource       : HikariPool-1 - Starting...
24-05-2021 03:49:15  INFO 13066 --- [main] com.zaxxer.hikari.HikariDataSource       : HikariPool-1 - Start completed.
24-05-2021 03:49:15  INFO 13066 --- [main] o.s.b.c.r.s.JobRepositoryFactoryBean     : No database type set, using meta data indicating: MYSQL
24-05-2021 03:49:15  INFO 13066 --- [main] o.s.b.c.l.support.SimpleJobLauncher      : No TaskExecutor has been set, defaulting to synchronous executor.
24-05-2021 03:49:15  INFO 13066 --- [main] com.springbatch.demo.DemoApplication     : Started DemoApplication in 3.046 seconds (JVM running for 4.058)
24-05-2021 03:49:15  INFO 13066 --- [main] o.s.b.a.b.JobLauncherApplicationRunner   : Running default command line with: [name=Amanda]
24-05-2021 03:49:16  INFO 13066 --- [main] o.s.b.c.l.support.SimpleJobLauncher      : Job: [SimpleJob: [name=jdbcCursorReaderJob]] launched with the following parameters: [{name=Amanda, run.id=2}]
24-05-2021 03:49:16  INFO 13066 --- [main] o.s.batch.core.job.SimpleStepHandler     : Executing step: [jdbcCursorReaderStep]
24-05-2021 03:49:16  INFO 13066 --- [main] o.s.batch.core.step.AbstractStep         : Step: [jdbcCursorReaderStep] executed in 456ms
24-05-2021 03:49:16  INFO 13066 --- [main] o.s.b.c.l.support.SimpleJobLauncher      : Job: [SimpleJob: [name=jdbcCursorReaderJob]] completed with the following parameters: [{name=Amanda, run.id=2}] and the following status: [COMPLETED] in 818ms
24-05-2021 03:49:17  INFO 13066 --- [SpringContextShutdownHook] com.zaxxer.hikari.HikariDataSource       : HikariPool-1 - Shutdown initiated...
24-05-2021 03:49:17  INFO 13066 --- [SpringContextShutdownHook] com.zaxxer.hikari.HikariDataSource       : HikariPool-1 - Shutdown completed.
24-05-2021 03:59:13  INFO 13738 --- [main] com.springbatch.demo.DemoApplication     : Starting DemoApplication using Java 11.0.11 on alexandre with PID 13738 (/home/alexandre/Documentos/cursos/spring batch/demo/target/classes started by alexandre in /home/alexandre/Documentos/cursos/spring batch/demo)
24-05-2021 03:59:13  INFO 13738 --- [main] com.springbatch.demo.DemoApplication     : No active profile set, falling back to default profiles: default
24-05-2021 03:59:14  INFO 13738 --- [main] com.zaxxer.hikari.HikariDataSource       : HikariPool-1 - Starting...
24-05-2021 03:59:14  INFO 13738 --- [main] com.zaxxer.hikari.HikariDataSource       : HikariPool-1 - Start completed.
24-05-2021 03:59:14  INFO 13738 --- [main] o.s.b.c.r.s.JobRepositoryFactoryBean     : No database type set, using meta data indicating: MYSQL
24-05-2021 03:59:15  INFO 13738 --- [main] o.s.b.c.l.support.SimpleJobLauncher      : No TaskExecutor has been set, defaulting to synchronous executor.
24-05-2021 03:59:15  INFO 13738 --- [main] com.springbatch.demo.DemoApplication     : Started DemoApplication in 2.493 seconds (JVM running for 3.402)
24-05-2021 03:59:15  INFO 13738 --- [main] o.s.b.a.b.JobLauncherApplicationRunner   : Running default command line with: [name=Amanda]
24-05-2021 03:59:15  INFO 13738 --- [main] o.s.b.c.l.support.SimpleJobLauncher      : Job: [SimpleJob: [name=jdbcCursorReaderJob]] launched with the following parameters: [{name=Amanda, run.id=3}]
24-05-2021 03:59:15  INFO 13738 --- [main] o.s.batch.core.job.SimpleStepHandler     : Executing step: [jdbcCursorReaderStep]
24-05-2021 03:59:16  INFO 13738 --- [main] o.s.batch.core.step.AbstractStep         : Step: [jdbcCursorReaderStep] executed in 468ms
24-05-2021 03:59:16  INFO 13738 --- [main] o.s.b.c.l.support.SimpleJobLauncher      : Job: [SimpleJob: [name=jdbcCursorReaderJob]] completed with the following parameters: [{name=Amanda, run.id=3}] and the following status: [COMPLETED] in 860ms
24-05-2021 03:59:16  INFO 13738 --- [SpringContextShutdownHook] com.zaxxer.hikari.HikariDataSource       : HikariPool-1 - Shutdown initiated...
24-05-2021 03:59:16  INFO 13738 --- [SpringContextShutdownHook] com.zaxxer.hikari.HikariDataSource       : HikariPool-1 - Shutdown completed.
